This file contains any messages produced by compilers while
running configure, to aid debugging if configure makes a mistake.

It was created by configure, which was
generated by GNU Autoconf 2.69.  Invocation command line was

  $ ./configure --enable-optimization

## --------- ##
## Platform. ##
## --------- ##

hostname = localhost
uname -m = x86_64
uname -r = 4.4.0-17763-Microsoft
uname -s = Linux
uname -v = #1217-Microsoft Mon May 05 16:09:00 PST 2020

/usr/bin/uname -p = unknown
/bin/uname -X     = unknown

/bin/arch              = unknown
/usr/bin/arch -k       = unknown
/usr/convex/getsysinfo = unknown
/usr/bin/hostinfo      = unknown
/bin/machine           = unknown
/usr/bin/oslevel       = unknown
/bin/universe          = unknown

PATH: /usr/local/sbin
PATH: /usr/local/bin
PATH: /usr/sbin
PATH: /usr/bin
PATH: /sbin
PATH: /bin
PATH: /snap/bin


## ----------- ##
## Core tests. ##
## ----------- ##

configure:3017: checking for ruby
configure:3035: found /usr/local/bin/ruby
configure:3048: result: /usr/local/bin/ruby
configure:3119: error: cannot run /bin/bash tool/config.sub

## ---------------- ##
## Cache variables. ##
## ---------------- ##

ac_cv_env_CCC_set=
ac_cv_env_CCC_value=
ac_cv_env_CC_set=
ac_cv_env_CC_value=
ac_cv_env_CFLAGS_set=
ac_cv_env_CFLAGS_value=
ac_cv_env_CPPFLAGS_set=
ac_cv_env_CPPFLAGS_value=
ac_cv_env_CPP_set=
ac_cv_env_CPP_value=
ac_cv_env_CXXFLAGS_set=
ac_cv_env_CXXFLAGS_value=
ac_cv_env_CXX_set=
ac_cv_env_CXX_value=
ac_cv_env_LDFLAGS_set=
ac_cv_env_LDFLAGS_value=
ac_cv_env_LIBS_set=
ac_cv_env_LIBS_value=
ac_cv_env_build_alias_set=
ac_cv_env_build_alias_value=
ac_cv_env_cflags_set=
ac_cv_env_cflags_value=
ac_cv_env_cppflags_set=
ac_cv_env_cppflags_value=
ac_cv_env_cxxflags_set=
ac_cv_env_cxxflags_value=
ac_cv_env_host_alias_set=
ac_cv_env_host_alias_value=
ac_cv_env_target_alias_set=
ac_cv_env_target_alias_value=
ac_cv_path_BASERUBY=/usr/local/bin/ruby

## ----------------- ##
## Output variables. ##
## ----------------- ##

ALLOCA=''
AR=''
ARCHFILE=''
ARCH_FLAG=''
ARFLAGS=''
AS=''
ASFLAGS=''
ASMEXT=''
BASERUBY='/usr/local/bin/ruby --disable=gems'
BOOTSTRAPRUBY=''
BTESTRUBY=''
BUILTIN_ENCOBJS=''
BUILTIN_TRANSOBJS=''
BUILTIN_TRANSSRCS=''
CAPITARGET=''
CC=''
CCDLFLAGS=''
CC_VERSION=''
CC_VERSION_MESSAGE=''
CC_WRAPPER=''
CFLAGS=''
CHDIR=''
COMMON_HEADERS=''
COMMON_LIBS=''
COMMON_MACROS=''
CONFIGURE=''
COUTFLAG=''
CP=''
CPP=''
CPPFLAGS=''
CPPOUTFILE=''
CROSS_COMPILING=''
CSRCFLAG=''
CXX=''
CXXFLAGS=''
DEFS=''
DESTDIR=''
DLDFLAGS=''
DLDLIBS=''
DLDSHARED=''
DLEXT2=''
DLEXT=''
DLLWRAP=''
DLNOBJ=''
DOT=''
DOXYGEN=''
DTRACE=''
DTRACE_EXT=''
DTRACE_OBJ=''
DTRACE_OPT=''
DTRACE_REBUILD=''
ECHO_C=''
ECHO_N='-n'
ECHO_T=''
EGREP=''
ENABLE_DEBUG_ENV=''
ENABLE_SHARED=''
ENCOBJS=''
ENCSTATIC=''
EXECUTABLE_EXTS=''
EXEEXT=''
EXPORT_PREFIX=''
EXTDLDFLAGS=''
EXTLDFLAGS=''
EXTOBJS=''
EXTOUT=''
EXTSTATIC=''
GCC=''
GIT='git'
GNU_LD=''
GREP=''
HAVE_BASERUBY='yes'
HAVE_GIT='yes'
INSTALLDOC=''
INSTALL_DATA=''
INSTALL_PROGRAM=''
INSTALL_SCRIPT=''
INSTALL_STATIC_LIBRARY=''
LD=''
LDFLAGS=''
LDSHARED=''
LDSHAREDXX=''
LIBEXT=''
LIBOBJS=''
LIBPATHENV=''
LIBPATHFLAG=''
LIBRUBY=''
LIBRUBYARG=''
LIBRUBYARG_SHARED=''
LIBRUBYARG_STATIC=''
LIBRUBY_A=''
LIBRUBY_ALIASES=''
LIBRUBY_A_OBJS=''
LIBRUBY_DLDFLAGS=''
LIBRUBY_LDSHARED=''
LIBRUBY_RELATIVE=''
LIBRUBY_SO=''
LIBRUBY_SONAME=''
LIBS=''
LINK_SO=''
LN_S=''
LTLIBOBJS=''
MAINLIBS=''
MAJOR='2'
MAKEDIRS=''
MAKEFILES=''
MANTYPE=''
MATHN=''
MINIOBJS=''
MINIRUBY=''
MINOR='7'
MJIT_CC=''
MJIT_CFLAGS=''
MJIT_DEBUGFLAGS=''
MJIT_HEADER_FLAGS=''
MJIT_HEADER_INSTALL_DIR=''
MJIT_LDSHARED=''
MJIT_OPTFLAGS=''
MJIT_SUPPORT=''
MKDIR_P=''
NM=''
NULLCMD=''
OBJCOPY=''
OBJDUMP=''
OBJEXT=''
OUTFLAG=''
PACKAGE=''
PACKAGE_BUGREPORT=''
PACKAGE_NAME=''
PACKAGE_STRING=''
PACKAGE_TARNAME=''
PACKAGE_URL=''
PACKAGE_VERSION=''
PATH_SEPARATOR=':'
PKG_CONFIG=''
PLATFORM_DIR=''
POSTLINK=''
PRELOADENV=''
PREP=''
RANLIB=''
RDOCTARGET=''
RI_BASE_NAME=''
RM=''
RMALL=''
RMDIR=''
RMDIRS=''
RPATHFLAG=''
RUBYW_BASE_NAME=''
RUBYW_INSTALL_NAME=''
RUBY_API_VERSION='$(MAJOR).$(MINOR)'
RUBY_BASE_NAME=''
RUBY_EXEC_PREFIX=''
RUBY_INSTALL_NAME=''
RUBY_LIB_VERSION=''
RUBY_LIB_VERSION_STYLE=''
RUBY_PROGRAM_VERSION='$(MAJOR).$(MINOR).$(TEENY)'
RUBY_SEARCH_PATH=''
RUBY_SO_NAME=''
RUBY_VERSION_NAME=''
RUNRUBY=''
RUNRUBY_COMMAND=''
SET_MAKE=''
SHELL='/bin/bash'
SOEXT=''
SOLIBS=''
STATIC=''
STRIP=''
SYMBOL_PREFIX=''
TEENY='0'
TEST_RUNNABLE=''
THREAD_MODEL=''
TRY_LINK=''
UNIVERSAL_ARCHNAMES=''
UNIVERSAL_INTS=''
USE_RUBYGEMS=''
WERRORFLAG=''
WINDRES=''
XCC_WRAPPER=''
XCFLAGS=''
XLDFLAGS=''
XRUBY=''
XRUBY_LIBDIR=''
XRUBY_RUBYHDRDIR=''
XRUBY_RUBYLIBDIR=''
X_COROUTINE_H=''
X_COROUTINE_SRC=''
ac_ct_AR=''
ac_ct_CC=''
ac_ct_CXX=''
ac_ct_NM=''
ac_ct_OBJCOPY=''
ac_ct_OBJDUMP=''
ac_ct_RANLIB=''
arch=''
archincludedir=''
archlibdir=''
bindir='${exec_prefix}/bin'
build=''
build_alias=''
build_cpu=''
build_os=''
build_vendor=''
cflags=''
codesign=''
configure_args=''
cppflags=''
cxxflags=''
datadir='${datarootdir}'
datarootdir='${prefix}/share'
debugflags=''
docdir='${datarootdir}/doc/${PACKAGE}'
dsymutil=''
dvidir='${docdir}'
exec=''
exec_prefix='NONE'
host=''
host_alias=''
host_cpu=''
host_os=''
host_vendor=''
htmldir='${docdir}'
includedir='${prefix}/include'
infodir='${datarootdir}/info'
libdir='${exec_prefix}/lib'
libdirname=''
libexecdir='${exec_prefix}/libexec'
localedir='${datarootdir}/locale'
localstatedir='${prefix}/var'
mandir='${datarootdir}/man'
oldincludedir='/usr/include'
optflags=''
pdfdir='${docdir}'
prefix='NONE'
program_transform_name='s,x,x,'
psdir='${docdir}'
ridir=''
ruby_pc=''
ruby_version=''
rubyarchdir=''
rubyarchhdrdir=''
rubyarchprefix=''
rubyhdrdir=''
rubylibdir=''
rubylibprefix=''
rubysitearchprefix=''
rubyw_install_name=''
runstatedir='${localstatedir}/run'
sbindir='${exec_prefix}/sbin'
setup=''
sharedstatedir='${prefix}/com'
sitearch=''
sitearchdir=''
sitearchhdrdir=''
sitearchincludedir=''
sitearchlibdir=''
sitedir=''
sitehdrdir=''
sitelibdir=''
strict_warnflags=''
sysconfdir='${prefix}/etc'
target=''
target_alias=''
target_cpu=''
target_os=''
target_vendor=''
try_header=''
vendorarchdir=''
vendorarchhdrdir=''
vendordir=''
vendorhdrdir=''
vendorlibdir=''
warnflags=''

## ----------- ##
## confdefs.h. ##
## ----------- ##

/* confdefs.h */
#define PACKAGE_NAME ""
#define PACKAGE_TARNAME ""
#define PACKAGE_VERSION ""
#define PACKAGE_STRING ""
#define PACKAGE_BUGREPORT ""
#define PACKAGE_URL ""

configure: exit 127
